<?xml version="1.0" encoding="UTF-8"?>
<!-- Generated by org.testng.reporters.JUnitReportReporter -->
<testsuite hostname="DESKTOP-8KSDERU" failures="0" tests="2" name="JavaMavenProject.E2EProject.HomePageTest" time="15.446" errors="0" timestamp="2020-09-22T11:16:57 IST" skipped="0">
  <testcase classname="JavaMavenProject.E2EProject.HomePageTest" name="basePageNavigation" time="4.329"/>
  <system-out/>
  <testcase classname="JavaMavenProject.E2EProject.HomePageTest" name="basePageNavigation" time="11.117"/>
  <system-out/>
</testsuite> <!-- JavaMavenProject.E2EProject.HomePageTest -->
