<?xml version="1.0" encoding="UTF-8"?>
<!-- Generated by org.testng.reporters.JUnitReportReporter -->
<testsuite hostname="DESKTOP-8KSDERU" name="JavaMavenProject.E2EProject.HomePageTest" tests="2" failures="0" timestamp="22 Sep 2020 06:39:04 GMT" time="23.508" errors="0">
  <testcase name="basePageNavigation" time="20.483" classname="JavaMavenProject.E2EProject.HomePageTest"/>
  <testcase name="basePageNavigation" time="3.025" classname="JavaMavenProject.E2EProject.HomePageTest"/>
</testsuite> <!-- JavaMavenProject.E2EProject.HomePageTest -->
