<?xml version="1.0" encoding="UTF-8"?>
<!-- Generated by org.testng.reporters.JUnitReportReporter -->
<testsuite hostname="DESKTOP-8KSDERU" name="JavaMavenProject.E2EProject.NavigateBarTest" tests="1" failures="0" timestamp="22 Sep 2020 06:39:04 GMT" time="0.175" errors="0">
  <testcase name="NavigateBar" time="0.175" classname="JavaMavenProject.E2EProject.NavigateBarTest"/>
</testsuite> <!-- JavaMavenProject.E2EProject.NavigateBarTest -->
